<?xml version="1.0" encoding="UTF-8"?>
<!-- Generated by org.testng.reporters.JUnitReportReporter -->
<testsuite skipped="0" hostname="PureBook-S14" name="com.testng.GroupingCon" tests="5" failures="0" timestamp="2023-01-24T10:01:53 IST" time="0.011" errors="0">
  <testcase name="EggRice" time="0.001" classname="com.testng.GroupingCon"/>
  <system-out/>
  <testcase name="ChickenRice" time="0.001" classname="com.testng.GroupingCon"/>
  <system-out/>
  <testcase name="Momos" time="0.000" classname="com.testng.GroupingCon"/>
  <system-out/>
  <testcase name="Briyani" time="0.008" classname="com.testng.GroupingCon"/>
  <system-out/>
  <testcase name="Gril" time="0.001" classname="com.testng.GroupingCon"/>
  <system-out/>
</testsuite> <!-- com.testng.GroupingCon -->
