<?xml version="1.0" encoding="UTF-8"?>
<!-- Generated by org.testng.reporters.JUnitReportReporter -->
<testsuite skipped="0" hostname="PureBook-S14" name="com.testng.HardAssertCon" tests="1" failures="0" timestamp="2023-01-19T07:16:46 IST" time="0.007" errors="0">
  <testcase name="demo" time="0.007" classname="com.testng.HardAssertCon"/>
  <system-out/>
</testsuite> <!-- com.testng.HardAssertCon -->
