<?xml version="1.0" encoding="UTF-8"?>
<!-- Generated by org.testng.reporters.JUnitReportReporter -->
<testsuite hostname="PureBook-S14" failures="0" tests="1" name="com.testng.ExpectedExceptionsCon" time="0.006" errors="0" timestamp="2022-11-17T11:45:27 IST" skipped="0">
  <testcase classname="com.testng.ExpectedExceptionsCon" name="demo" time="0.006"/>
  <system-out/>
</testsuite> <!-- com.testng.ExpectedExceptionsCon -->
