<?xml version="1.0" encoding="UTF-8"?>
<!-- Generated by org.testng.reporters.JUnitReportReporter -->
<testsuite skipped="0" hostname="PureBook-S14" name="com.testng.Parameter" tests="1" failures="0" timestamp="2023-01-24T10:20:49 IST" time="0.001" errors="0">
  <testcase name="credentials" time="0.001" classname="com.testng.Parameter"/>
  <system-out/>
</testsuite> <!-- com.testng.Parameter -->
