<?xml version="1.0" encoding="UTF-8"?>
<!-- Generated by org.testng.reporters.JUnitReportReporter -->
<testsuite skipped="1" hostname="PureBook-S14" name="com.testng.IgnoreConcept" tests="5" failures="0" timestamp="2023-01-24T09:44:13 IST" time="0.008" errors="0">
  <testcase name="Tab" time="0.000" classname="com.testng.IgnoreConcept"/>
  <system-out/>
  <testcase name="ChickenRice" time="0.007" classname="com.testng.IgnoreConcept"/>
  <system-out/>
  <testcase name="Mobile" time="0.001" classname="com.testng.IgnoreConcept"/>
  <system-out/>
  <testcase name="Momos" time="0.000" classname="com.testng.IgnoreConcept"/>
  <system-out/>
  <testcase name="Briyani" classname="com.testng.IgnoreConcept">
    <skipped/>
  </testcase> <!-- Briyani -->
  <system-out/>
</testsuite> <!-- com.testng.IgnoreConcept -->
