<?xml version="1.0" encoding="UTF-8"?>
<!-- Generated by org.testng.reporters.JUnitReportReporter -->
<testsuite skipped="0" hostname="PureBook-S14" name="com.testng.ParellelTsting" tests="2" failures="0" timestamp="2023-01-24T13:51:59 IST" time="0.014" errors="0">
  <testcase name="flipcart" time="0.007" classname="com.testng.ParellelTsting"/>
  <system-out/>
  <testcase name="facebook" time="0.007" classname="com.testng.ParellelTsting"/>
  <system-out/>
</testsuite> <!-- com.testng.ParellelTsting -->
