<?xml version="1.0" encoding="UTF-8"?>
<!-- Generated by org.testng.reporters.JUnitReportReporter -->
<testsuite skipped="0" hostname="PureBook-S14" name="com.testng.ParameterizedCon" tests="1" failures="0" timestamp="2023-01-24T10:20:49 IST" time="0.005" errors="0">
  <testcase name="credentials" time="0.005" classname="com.testng.ParameterizedCon"/>
  <system-out/>
</testsuite> <!-- com.testng.ParameterizedCon -->
