<?xml version="1.0" encoding="UTF-8"?>
<!-- Generated by org.testng.reporters.JUnitReportReporter -->
<testsuite skipped="0" hostname="PureBook-S14" name="com.testng.TimeoutCon" tests="1" failures="0" timestamp="2023-01-24T10:08:51 IST" time="6.036" errors="0">
  <testcase name="login" time="6.036" classname="com.testng.TimeoutCon"/>
  <system-out/>
</testsuite> <!-- com.testng.TimeoutCon -->
