<?xml version="1.0" encoding="UTF-8"?>
<!-- Generated by org.testng.reporters.JUnitReportReporter -->
<testsuite skipped="0" hostname="PureBook-S14" name="com.testng.Dependencycon" tests="2" failures="0" timestamp="2023-01-21T13:54:57 IST" time="0.005" errors="0">
  <testcase name="login" time="0.004" classname="com.testng.Dependencycon"/>
  <system-out/>
  <testcase name="credentials" time="0.001" classname="com.testng.Dependencycon"/>
  <system-out/>
</testsuite> <!-- com.testng.Dependencycon -->
