<?xml version="1.0" encoding="UTF-8"?>
<!-- Generated by org.testng.reporters.JUnitReportReporter -->
<testsuite skipped="0" hostname="PureBook-S14" name="com.testng.DataproviderCon" tests="3" failures="0" timestamp="2023-01-24T10:19:24 IST" time="0.004" errors="0">
  <testcase name="credentials" time="0.000" classname="com.testng.DataproviderCon"/>
  <system-out/>
  <testcase name="credentials" time="0.004" classname="com.testng.DataproviderCon"/>
  <system-out/>
  <testcase name="credentials" time="0.000" classname="com.testng.DataproviderCon"/>
  <system-out/>
</testsuite> <!-- com.testng.DataproviderCon -->
